<?xml version="1.0" encoding="UTF-8"?>
<!-- Generated by org.testng.reporters.JUnitXMLReporter -->
<testsuite hostname="Dell-PC" ignored="1" name="Default test" tests="1" failures="0" timestamp="20 Jul 2017 18:12:26 GMT" time="0.351" errors="0">
  <testcase name="tc_LoginTestCase" time="0.329" classname="com.fanniemae.testcases.DummyTestCase"/>
  <testcase name="tc_NewAccountTestCase" time="0.0" classname="com.fanniemae.testcases.DummyTestCase">
    <ignored/>
  </testcase> <!-- tc_NewAccountTestCase -->
</testsuite> <!-- Default test -->
