<?xml version="1.0" encoding="UTF-8"?>
<!-- Generated by org.testng.reporters.JUnitXMLReporter -->
<testsuite hostname="Dell-PC" ignored="2" name="Default test" tests="2" failures="0" timestamp="20 Jul 2017 08:01:13 GMT" time="44.144" errors="0">
  <testcase name="testKWDFrameworkSDETLogin" time="9.362" classname="com.fanniemae.testcases.SDET_Login_TestCase"/>
  <testcase name="test_DDT_SDETLogin" time="34.765" classname="com.fanniemae.testcases.SDET_Login_TestCase"/>
  <testcase name="testBeginnerSDETLogin" time="0.0" classname="com.fanniemae.testcases.SDET_Login_TestCase">
    <ignored/>
  </testcase> <!-- testBeginnerSDETLogin -->
  <testcase name="testFrameworkSDETLogin" time="0.0" classname="com.fanniemae.testcases.SDET_Login_TestCase">
    <ignored/>
  </testcase> <!-- testFrameworkSDETLogin -->
</testsuite> <!-- Default test -->
