<?xml version="1.0" encoding="UTF-8"?>
<!-- Generated by org.testng.reporters.JUnitXMLReporter -->
<testsuite hostname="Dell-PC" ignored="2" name="Default test" tests="1" failures="0" timestamp="20 Jul 2017 07:07:43 GMT" time="3.823" errors="0">
  <testcase name="testKWDFrameworkSDETLogin" time="3.811" classname="com.fanniemae.testcases.SDET_Login_TestCase"/>
  <testcase name="testBeginnerSDETLogin" time="0.0" classname="com.fanniemae.testcases.SDET_Login_TestCase">
    <ignored/>
  </testcase> <!-- testBeginnerSDETLogin -->
  <testcase name="testFrameworkSDETLogin" time="0.0" classname="com.fanniemae.testcases.SDET_Login_TestCase">
    <ignored/>
  </testcase> <!-- testFrameworkSDETLogin -->
</testsuite> <!-- Default test -->
