<?xml version="1.0" encoding="UTF-8"?>
<!-- Generated by org.testng.reporters.JUnitXMLReporter -->
<testsuite hostname="Dell-PC" ignored="3" tests="0" failures="0" timestamp="15 Jul 2017 06:53:10 GMT" time="0.007" errors="0">
  <testcase name="testKWDFrameworkSDETLogin" time="0.0" classname="com.fanniemae.testcases.SDET_Login_TestCase">
    <ignored/>
  </testcase> <!-- testKWDFrameworkSDETLogin -->
  <testcase name="testBeginnerSDETLogin" time="0.0" classname="com.fanniemae.testcases.SDET_Login_TestCase">
    <ignored/>
  </testcase> <!-- testBeginnerSDETLogin -->
  <testcase name="testFrameworkSDETLogin" time="0.0" classname="com.fanniemae.testcases.SDET_Login_TestCase">
    <ignored/>
  </testcase> <!-- testFrameworkSDETLogin -->
</testsuite>
