<?xml version="1.0" encoding="UTF-8"?>
<!-- Generated by org.testng.reporters.JUnitXMLReporter -->
<testsuite hostname="Dell-PC" ignored="1" name="MultiBrowserTest" tests="3" failures="1" timestamp="15 Jul 2017 06:53:10 GMT" time="0.288" errors="0">
  <testcase name="ChromeHomePage" time="0.008" classname="com.fanniemae.testcases.multiBrowsers"/>
  <testcase name="FirefoxHomePage" time="0.001" classname="com.fanniemae.testcases.multiBrowsers"/>
  <testcase name="IEHomePage" time="0.003" classname="com.fanniemae.testcases.multiBrowsers">
    <failure type="java.lang.AssertionError" message="IEHomePage FORCIBLY FAIL for Listeners">
      <![CDATA[java.lang.AssertionError: IEHomePage FORCIBLY FAIL for Listeners
	at com.fanniemae.testcases.multiBrowsers.IEHomePage(multiBrowsers.java:67)
... Removed 26 stack frames]]>
    </failure>
  </testcase> <!-- IEHomePage -->
  <testcase name="getalllinksOnHomePage" time="0.0" classname="com.fanniemae.testcases.multiBrowsers">
    <ignored/>
  </testcase> <!-- getalllinksOnHomePage -->
</testsuite> <!-- MultiBrowserTest -->
