<?xml version="1.0" encoding="UTF-8"?>
<!-- Generated by org.testng.reporters.JUnitXMLReporter -->
<testsuite hostname="Dell-PC" ignored="1" name="Test" tests="5" failures="3" timestamp="15 Jul 2017 03:42:09 GMT" time="14.136" errors="0">
  <testcase name="testFrameworkSDETLogin" time="10.136" classname="com.fanniemae.testcases.SDET_Login_TestCase">
    <failure type="java.lang.AssertionError" message="Login button not present :) expected [true] but found [false]">
      <![CDATA[java.lang.AssertionError: Login button not present :) expected [true] but found [false]
	at com.fanniemae.testcases.SDET_Login_TestCase.testFrameworkSDETLogin(SDET_Login_TestCase.java:38)
... Removed 28 stack frames]]>
    </failure>
  </testcase> <!-- testFrameworkSDETLogin -->
  <testcase name="ChromeHomePage" time="0.001" classname="com.fanniemae.testcases.multiBrowsers"/>
  <testcase name="FirefoxHomePage" time="0.001" classname="com.fanniemae.testcases.multiBrowsers"/>
  <testcase name="IEHomePage" time="0.001" classname="com.fanniemae.testcases.multiBrowsers">
    <failure type="java.lang.AssertionError" message="IEHomePage FORCIBLY FAIL for Listeners">
      <![CDATA[java.lang.AssertionError: IEHomePage FORCIBLY FAIL for Listeners
	at com.fanniemae.testcases.multiBrowsers.IEHomePage(multiBrowsers.java:67)
... Removed 26 stack frames]]>
    </failure>
  </testcase> <!-- IEHomePage -->
  <testcase name="getalllinksOnHomePage" time="3.965" classname="com.fanniemae.testcases.multiBrowsers">
    <failure type="java.lang.AssertionError" message="FORCIBLY FAIL for Listeners">
      <![CDATA[java.lang.AssertionError: FORCIBLY FAIL for Listeners
	at com.fanniemae.testcases.multiBrowsers.getalllinksOnHomePage(multiBrowsers.java:62)
... Removed 26 stack frames]]>
    </failure>
  </testcase> <!-- getalllinksOnHomePage -->
  <testcase name="testBeginnerSDETLogin" time="0.0" classname="com.fanniemae.testcases.SDET_Login_TestCase">
    <ignored/>
  </testcase> <!-- testBeginnerSDETLogin -->
</testsuite> <!-- Test -->
