<?xml version="1.0" encoding="UTF-8"?>
<testng-results skipped="0" failed="0" ignored="2" total="4" passed="2">
  <reporter-output>
  </reporter-output>
  <suite name="Default suite" duration-ms="44144" started-at="2017-07-20T08:00:29Z" finished-at="2017-07-20T08:01:13Z">
    <groups>
    </groups>
    <test name="Default test" duration-ms="44144" started-at="2017-07-20T08:00:29Z" finished-at="2017-07-20T08:01:13Z">
      <class name="com.fanniemae.testcases.SDET_Login_TestCase">
        <test-method status="PASS" signature="setUp()[pri:0, instance:com.fanniemae.testcases.SDET_Login_TestCase@5ef60048]" name="setUp" is-config="true" duration-ms="3321" started-at="2017-07-20T04:00:26Z" finished-at="2017-07-20T04:00:29Z">
          <reporter-output>
          </reporter-output>
        </test-method> <!-- setUp -->
        <test-method status="PASS" signature="testKWDFrameworkSDETLogin()[pri:0, instance:com.fanniemae.testcases.SDET_Login_TestCase@5ef60048]" name="testKWDFrameworkSDETLogin" duration-ms="9362" started-at="2017-07-20T04:00:29Z" finished-at="2017-07-20T04:00:38Z">
          <reporter-output>
          </reporter-output>
        </test-method> <!-- testKWDFrameworkSDETLogin -->
        <test-method status="PASS" signature="test_DDT_SDETLogin()[pri:0, instance:com.fanniemae.testcases.SDET_Login_TestCase@5ef60048]" name="test_DDT_SDETLogin" duration-ms="34765" started-at="2017-07-20T04:00:38Z" finished-at="2017-07-20T04:01:13Z">
          <reporter-output>
          </reporter-output>
        </test-method> <!-- test_DDT_SDETLogin -->
        <test-method status="PASS" signature="tearDown()[pri:0, instance:com.fanniemae.testcases.SDET_Login_TestCase@5ef60048]" name="tearDown" is-config="true" duration-ms="837" started-at="2017-07-20T04:01:13Z" finished-at="2017-07-20T04:01:14Z">
          <reporter-output>
          </reporter-output>
        </test-method> <!-- tearDown -->
      </class> <!-- com.fanniemae.testcases.SDET_Login_TestCase -->
    </test> <!-- Default test -->
  </suite> <!-- Default suite -->
</testng-results>
